#
# A fatal error has been detected by the Java Runtime Environment:
#
#  SIGSEGV (0xb) at pc=0x00007fff924070dd, pid=2945, tid=1299
#
# JRE version: Java(TM) SE Runtime Environment (7.0_51-b13) (build 1.7.0_51-b13)
# Java VM: Java HotSpot(TM) 64-Bit Server VM (24.51-b03 mixed mode bsd-amd64 compressed oops)
# Problematic frame:
# C  [libobjc.A.dylib+0x10dd]  objc_msgSend+0x1d
#
# Failed to write core dump. Core dumps have been disabled. To enable core dumping, try "ulimit -c unlimited" before starting Java again
#
# If you would like to submit a bug report, please visit:
#   http://bugreport.sun.com/bugreport/crash.jsp
# The crash happened outside the Java Virtual Machine in native code.
# See problematic frame for where to report the bug.
#

---------------  T H R E A D  ---------------

Current thread (0x00007fe402b71000):  JavaThread "AppKit Thread" daemon [_thread_in_native, id=1299, stack(0x00007fff552de000,0x00007fff5535e000)]

siginfo:si_signo=SIGSEGV: si_errno=0, si_code=1 (SEGV_MAPERR), si_addr=0x000007fe400fa6d0

Registers:
RAX=0x00007fe400fada70, RBX=0x00007fff553586f8, RCX=0x0000000000000000, RDX=0x00007fe400feed80
RSP=0x00007fff55358518, RBP=0x00007fff55358520, RSI=0x00007fff9073c2b4, RDI=0x00007fe400fada70
R8 =0x00007fff55358500, R9 =0x0000000000000060, R10=0x00007fff9073c2b4, R11=0x000007fe400fa6b8
R12=0x00007fe400e06c00, R13=0x00000000000f42ed, R14=0x00007fe400cb1240, R15=0x00007fff55358658
RIP=0x00007fff924070dd, EFLAGS=0x0000000000010206, ERR=0x0000000000000004
  TRAPNO=0x000000000000000e

Top of Stack: (sp=0x00007fff55358518)
0x00007fff55358518:   00007fff89622cdc 00007fff55358880
0x00007fff55358528:   00007fff89514244 ff80000000001002
0x00007fff55358538:   00007fff553586f0 00007fff55358690
0x00007fff55358548:   0000000000000001 00007fe400f0d9f0
0x00007fff55358558:   0000000000000900 0000000179545301
0x00007fff55358568:   00007fe400cb1240 0000000000000000
0x00007fff55358578:   00007fff55358650 0000000000000000
0x00007fff55358588:   00007fe400fb31c0 00007fff553586d0
0x00007fff55358598:   0000000000000060 00000000000f4307
0x00007fff553585a8:   00007fe400feed80 00007fe400ea5df0
0x00007fff553585b8:   00007fe400e06c00 0000000000000001
0x00007fff553585c8:   00000000000f42ed 00007fe400e06bf0
0x00007fff553585d8:   000000000000ffff 00007fff55358730
0x00007fff553585e8:   0000000000000000 0000000000000000
0x00007fff553585f8:   0000000000000040 000000010a8bc000
0x00007fff55358608:   0000000000000040 00007fff55358640
0x00007fff55358618:   00007fff8fd33877 0000000000000040
0x00007fff55358628:   000000000000001c 000381038fd33877
0x00007fff55358638:   00007fe400e06c24 0000000000000000
0x00007fff55358648:   00007fe400f0d9f0 00007fe400fb3570
0x00007fff55358658:   00007fe400cb1240 6ba09b956fc5ddcb
0x00007fff55358668:   0000000000000003 00007fff553586b0
0x00007fff55358678:   00007fff8fd3553e 000000010a8bfa00
0x00007fff55358688:   0000000000000000 000000010a8bc000
0x00007fff55358698:   0000000000000000 0000000000000003
0x00007fff553586a8:   000000010a8c0e00 00007fff553587a0
0x00007fff553586b8:   00007fff8fd342a2 0000000000000029
0x00007fff553586c8:   0000000000000000 0000000000000058
0x00007fff553586d8:   0000000000000000 00000000000f42e5
0x00007fff553586e8:   000000000000005c 0000000000000000
0x00007fff553586f8:   00000000000f42ed 00007fe400e06c18
0x00007fff55358708:   0000000000001400 0000000000000000 

Instructions: (pc=0x00007fff924070dd)
0x00007fff924070bd:   00 00 00 48 85 ff 2e 74 7a 40 f6 c7 01 2e 75 7e
0x00007fff924070cd:   49 bb f8 ff ff ff ff 7f 00 00 4c 23 1f 49 89 f2
0x00007fff924070dd:   45 23 53 18 49 c1 e2 04 4d 03 53 10 49 3b 32 75
0x00007fff924070ed:   04 41 ff 62 08 49 83 3a 00 74 6a 4d 3b 53 10 74 

Register to memory mapping:

RAX=0x00007fe400fada70 is an unknown value
RBX=0x00007fff553586f8 is pointing into the stack for thread: 0x00007fe402b71000
RCX=0x0000000000000000 is an unknown value
RDX=0x00007fe400feed80 is an unknown value
RSP=0x00007fff55358518 is pointing into the stack for thread: 0x00007fe402b71000
RBP=0x00007fff55358520 is pointing into the stack for thread: 0x00007fe402b71000
RSI=0x00007fff9073c2b4: -[NSTitlebarContainerView shouldRoundCorners]+0x5ced6 in /System/Library/Frameworks/AppKit.framework/Versions/C/AppKit at 0x00007fff8fd6b000
RDI=0x00007fe400fada70 is an unknown value
R8 =0x00007fff55358500 is pointing into the stack for thread: 0x00007fe402b71000
R9 =0x0000000000000060 is an unknown value
R10=0x00007fff9073c2b4: -[NSTitlebarContainerView shouldRoundCorners]+0x5ced6 in /System/Library/Frameworks/AppKit.framework/Versions/C/AppKit at 0x00007fff8fd6b000
R11=0x000007fe400fa6b8 is an unknown value
R12=0x00007fe400e06c00 is an unknown value
R13=0x00000000000f42ed is an unknown value
R14=0x00007fe400cb1240 is an unknown value
R15=0x00007fff55358658 is pointing into the stack for thread: 0x00007fe402b71000


Stack: [0x00007fff552de000,0x00007fff5535e000],  sp=0x00007fff55358518,  free space=489k
Native frames: (J=compiled Java code, j=interpreted, Vv=VM code, C=native code)
C  [libobjc.A.dylib+0x10dd]  objc_msgSend+0x1d
C  [CoreFoundation+0x10244]  _CFXNotificationPost+0xc44
C  [Foundation+0x2c31]  -[NSNotificationCenter postNotificationName:object:userInfo:]+0x42
C  [AppKit+0xdd776]  -[NSSurface _disposeSurface]+0x98
C  [CoreFoundation+0x11ecdc]  __CFNOTIFICATIONCENTER_IS_CALLING_OUT_TO_AN_OBSERVER__+0xc
C  [CoreFoundation+0x10244]  _CFXNotificationPost+0xc44
C  [Foundation+0x2c31]  -[NSNotificationCenter postNotificationName:object:userInfo:]+0x42
C  [AppKit+0x23bc97]  __18-[NSWindow _close]_block_invoke+0x2dc
C  [AppKit+0x23b985]  -[NSWindow _close]+0x16b
C  [liblwjgl.dylib+0xa21c]  +[MacOSXKeyableWindow destroyWindow]+0xcc
C  [Foundation+0x65cdc]  __NSThreadPerformPerform+0x125
C  [CoreFoundation+0x80681]  __CFRUNLOOP_IS_CALLING_OUT_TO_A_SOURCE0_PERFORM_FUNCTION__+0x11
C  [CoreFoundation+0x7280d]  __CFRunLoopDoSources0+0x10d
C  [CoreFoundation+0x71e3f]  __CFRunLoopRun+0x39f
C  [CoreFoundation+0x71858]  CFRunLoopRunSpecific+0x128
C  [HIToolbox+0x2eaef]  RunCurrentEventLoopInMode+0xeb
C  [HIToolbox+0x2e86a]  ReceiveNextEventCommon+0x1af
C  [HIToolbox+0x2e6ab]  _BlockUntilNextEventMatchingListInModeWithFilter+0x47
C  [AppKit+0x23f81]  _DPSNextEvent+0x3c4
C  [AppKit+0x23730]  -[NSApplication nextEventMatchingMask:untilDate:inMode:dequeue:]+0xc2
C  [libosxapp.dylib+0x16f4]  -[NSApplicationAWT nextEventMatchingMask:untilDate:inMode:dequeue:]+0x7c
C  [AppKit+0x17593]  -[NSApplication run]+0x252
C  [libosxapp.dylib+0x1557]  +[NSApplicationAWT runAWTLoopWithApp:]+0x9c
C  [liblwawt.dylib+0xdba9]  -[AWTStarter starter:]+0x369
C  [Foundation+0x65cdc]  __NSThreadPerformPerform+0x125
C  [CoreFoundation+0x80681]  __CFRUNLOOP_IS_CALLING_OUT_TO_A_SOURCE0_PERFORM_FUNCTION__+0x11
C  [CoreFoundation+0x7280d]  __CFRunLoopDoSources0+0x10d
C  [CoreFoundation+0x71e3f]  __CFRunLoopRun+0x39f
C  [CoreFoundation+0x71858]  CFRunLoopRunSpecific+0x128
C  [java+0x73b0]  CreateExecutionEnvironment+0x367
C  [java+0x1b5c]  JLI_Launch+0x7a0
C  [java+0x770d]  main+0x65
C  [java+0x13b4]  start+0x34


---------------  P R O C E S S  ---------------

Java Threads: ( => current thread )
  0x00007fe408044000 JavaThread "AWT-Shutdown" [_thread_blocked, id=66839, stack(0x000000011c473000,0x000000011c573000)]
  0x00007fe402d14000 JavaThread "Thread-9" [_thread_blocked, id=12039, stack(0x000000012aaeb000,0x000000012abeb000)]
  0x00007fe402cc9800 JavaThread "Thread-8" daemon [_thread_blocked, id=72195, stack(0x00000001270a2000,0x00000001271a2000)]
  0x00007fe402cc8800 JavaThread "Thread-7" daemon [_thread_blocked, id=71687, stack(0x0000000126f9f000,0x000000012709f000)]
  0x00007fe40219a800 JavaThread "Java Sound Event Dispatcher" daemon [_thread_blocked, id=71439, stack(0x0000000126e9c000,0x0000000126f9c000)]
  0x00007fe402ccd800 JavaThread "Timer-0" daemon [_thread_blocked, id=71179, stack(0x0000000127e41000,0x0000000127f41000)]
  0x00007fe4022df000 JavaThread "DestroyJavaVM" [_thread_blocked, id=4867, stack(0x000000010bc54000,0x000000010bd54000)]
  0x00007fe4021cd800 JavaThread "LWJGL Application" [_thread_in_native, id=64003, stack(0x0000000120e13000,0x0000000120f13000)]
  0x00007fe401b90800 JavaThread "Java2D Disposer" daemon [_thread_blocked, id=41239, stack(0x0000000120783000,0x0000000120883000)]
=>0x00007fe402b71000 JavaThread "AppKit Thread" daemon [_thread_in_native, id=1299, stack(0x00007fff552de000,0x00007fff5535e000)]
  0x00007fe402001000 JavaThread "Service Thread" daemon [_thread_blocked, id=17667, stack(0x000000011bbef000,0x000000011bcef000)]
  0x00007fe401821000 JavaThread "C2 CompilerThread1" daemon [_thread_blocked, id=17155, stack(0x000000011baec000,0x000000011bbec000)]
  0x00007fe40282d000 JavaThread "C2 CompilerThread0" daemon [_thread_blocked, id=16643, stack(0x000000011b9e9000,0x000000011bae9000)]
  0x00007fe401818800 JavaThread "Signal Dispatcher" daemon [_thread_blocked, id=13331, stack(0x000000011b8e6000,0x000000011b9e6000)]
  0x00007fe40281e800 JavaThread "Finalizer" daemon [_thread_blocked, id=11523, stack(0x0000000119f9c000,0x000000011a09c000)]
  0x00007fe40102e800 JavaThread "Reference Handler" daemon [_thread_blocked, id=11011, stack(0x0000000119e99000,0x0000000119f99000)]

Other Threads:
  0x00007fe402002800 VMThread [stack: 0x0000000119d96000,0x0000000119e96000] [id=10499]
  0x00007fe402015000 WatcherThread [stack: 0x000000011bcf2000,0x000000011bdf2000] [id=18179]

VM state:not at safepoint (normal execution)

VM Mutex/Monitor currently owned by a thread: None

Heap
 PSYoungGen      total 36864K, used 7247K [0x00000007aaa80000, 0x00000007ad280000, 0x0000000800000000)
  eden space 34816K, 20% used [0x00000007aaa80000,0x00000007ab17bf38,0x00000007acc80000)
  from space 2048K, 4% used [0x00000007ad080000,0x00000007ad098000,0x00000007ad280000)
  to   space 3072K, 0% used [0x00000007acc80000,0x00000007acc80000,0x00000007acf80000)
 ParOldGen       total 174592K, used 36340K [0x0000000700000000, 0x000000070aa80000, 0x00000007aaa80000)
  object space 174592K, 20% used [0x0000000700000000,0x000000070237d3c0,0x000000070aa80000)
 PSPermGen       total 26624K, used 26341K [0x00000006fae00000, 0x00000006fc800000, 0x0000000700000000)
  object space 26624K, 98% used [0x00000006fae00000,0x00000006fc7b9690,0x00000006fc800000)

Card table byte_map: [0x000000010ee1f000,0x000000010f649000] byte_map_base: 0x000000010b648000

Polling page: 0x000000010a9f4000

Code Cache  [0x000000010bd5f000, 0x000000010c03f000, 0x000000010ed5f000)
 total_blobs=1637 nmethods=1068 adapters=522 free_code_cache=46286Kb largest_free_block=47346176

Compilation events (10 events):
Event: 57,934 Thread 0x00007fe401821000 1127             rpgboss.player.FloatTweener::rpgboss$player$Tweener$$_done (5 bytes)
Event: 57,934 Thread 0x00007fe401821000 nmethod 1127 0x000000010c037a10 code [0x000000010c037b40, 0x000000010c037b98]
Event: 58,434 Thread 0x00007fe40282d000 1128             scala.collection.mutable.ArrayBuffer::foreach (6 bytes)
Event: 58,435 Thread 0x00007fe40282d000 nmethod 1128 0x000000010c037790 code [0x000000010c0378e0, 0x000000010c037968]
Event: 59,284 Thread 0x00007fe401821000 1129             scala.math.package$::abs (5 bytes)
Event: 59,285 Thread 0x00007fe401821000 nmethod 1129 0x000000010c037590 code [0x000000010c0376c0, 0x000000010c037718]
Event: 60,069 Thread 0x00007fe40282d000 1130             scala.collection.mutable.ArrayBuilder$ofFloat::elems (5 bytes)
Event: 60,069 Thread 0x00007fe40282d000 nmethod 1130 0x000000010c037390 code [0x000000010c0374c0, 0x000000010c037538]
Event: 61,453 Thread 0x00007fe401821000 1131             rpgboss.player.entity.AnimationPlayer::_state (5 bytes)
Event: 61,454 Thread 0x00007fe401821000 nmethod 1131 0x000000010c037190 code [0x000000010c0372c0, 0x000000010c037318]

GC Heap History (10 events):
Event: 58,269 GC heap before
{Heap before GC invocations=42 (full 0):
 PSYoungGen      total 37888K, used 37472K [0x00000007aaa80000, 0x00000007ad800000, 0x0000000800000000)
  eden space 37376K, 100% used [0x00000007aaa80000,0x00000007acf00000,0x00000007acf00000)
  from space 512K, 18% used [0x00000007acf80000,0x00000007acf98000,0x00000007ad000000)
  to   space 4608K, 0% used [0x00000007ad380000,0x00000007ad380000,0x00000007ad800000)
 ParOldGen       total 174592K, used 36324K [0x0000000700000000, 0x000000070aa80000, 0x00000007aaa80000)
  object space 174592K, 20% used [0x0000000700000000,0x00000007023793c0,0x000000070aa80000)
 PSPermGen       total 26624K, used 26308K [0x00000006fae00000, 0x00000006fc800000, 0x0000000700000000)
  object space 26624K, 98% used [0x00000006fae00000,0x00000006fc7b1070,0x00000006fc800000)
Event: 58,270 GC heap after
Heap after GC invocations=42 (full 0):
 PSYoungGen      total 39936K, used 96K [0x00000007aaa80000, 0x00000007ad680000, 0x0000000800000000)
  eden space 36864K, 0% used [0x00000007aaa80000,0x00000007aaa80000,0x00000007ace80000)
  from space 3072K, 3% used [0x00000007ad380000,0x00000007ad398000,0x00000007ad680000)
  to   space 4096K, 0% used [0x00000007ace80000,0x00000007ace80000,0x00000007ad280000)
 ParOldGen       total 174592K, used 36324K [0x0000000700000000, 0x000000070aa80000, 0x00000007aaa80000)
  object space 174592K, 20% used [0x0000000700000000,0x00000007023793c0,0x000000070aa80000)
 PSPermGen       total 26624K, used 26308K [0x00000006fae00000, 0x00000006fc800000, 0x0000000700000000)
  object space 26624K, 98% used [0x00000006fae00000,0x00000006fc7b1070,0x00000006fc800000)
}
Event: 59,184 GC heap before
{Heap before GC invocations=43 (full 0):
 PSYoungGen      total 39936K, used 36960K [0x00000007aaa80000, 0x00000007ad680000, 0x0000000800000000)
  eden space 36864K, 100% used [0x00000007aaa80000,0x00000007ace80000,0x00000007ace80000)
  from space 3072K, 3% used [0x00000007ad380000,0x00000007ad398000,0x00000007ad680000)
  to   space 4096K, 0% used [0x00000007ace80000,0x00000007ace80000,0x00000007ad280000)
 ParOldGen       total 174592K, used 36324K [0x0000000700000000, 0x000000070aa80000, 0x00000007aaa80000)
  object space 174592K, 20% used [0x0000000700000000,0x00000007023793c0,0x000000070aa80000)
 PSPermGen       total 26624K, used 26308K [0x00000006fae00000, 0x00000006fc800000, 0x0000000700000000)
  object space 26624K, 98% used [0x00000006fae00000,0x00000006fc7b11d8,0x00000006fc800000)
Event: 59,185 GC heap after
Heap after GC invocations=43 (full 0):
 PSYoungGen      total 36864K, used 64K [0x00000007aaa80000, 0x00000007ad600000, 0x0000000800000000)
  eden space 36352K, 0% used [0x00000007aaa80000,0x00000007aaa80000,0x00000007ace00000)
  from space 512K, 12% used [0x00000007ace80000,0x00000007ace90000,0x00000007acf00000)
  to   space 4096K, 0% used [0x00000007ad200000,0x00000007ad200000,0x00000007ad600000)
 ParOldGen       total 174592K, used 36324K [0x0000000700000000, 0x000000070aa80000, 0x00000007aaa80000)
  object space 174592K, 20% used [0x0000000700000000,0x00000007023793c0,0x000000070aa80000)
 PSPermGen       total 26624K, used 26308K [0x00000006fae00000, 0x00000006fc800000, 0x0000000700000000)
  object space 26624K, 98% used [0x00000006fae00000,0x00000006fc7b11d8,0x00000006fc800000)
}
Event: 60,087 GC heap before
{Heap before GC invocations=44 (full 0):
 PSYoungGen      total 36864K, used 36416K [0x00000007aaa80000, 0x00000007ad600000, 0x0000000800000000)
  eden space 36352K, 100% used [0x00000007aaa80000,0x00000007ace00000,0x00000007ace00000)
  from space 512K, 12% used [0x00000007ace80000,0x00000007ace90000,0x00000007acf00000)
  to   space 4096K, 0% used [0x00000007ad200000,0x00000007ad200000,0x00000007ad600000)
 ParOldGen       total 174592K, used 36324K [0x0000000700000000, 0x000000070aa80000, 0x00000007aaa80000)
  object space 174592K, 20% used [0x0000000700000000,0x00000007023793c0,0x000000070aa80000)
 PSPermGen       total 26624K, used 26308K [0x00000006fae00000, 0x00000006fc800000, 0x0000000700000000)
  object space 26624K, 98% used [0x00000006fae00000,0x00000006fc7b12a0,0x00000006fc800000)
Event: 60,088 GC heap after
Heap after GC invocations=44 (full 0):
 PSYoungGen      total 38400K, used 96K [0x00000007aaa80000, 0x00000007ad480000, 0x0000000800000000)
  eden space 35840K, 0% used [0x00000007aaa80000,0x00000007aaa80000,0x00000007acd80000)
  from space 2560K, 3% used [0x00000007ad200000,0x00000007ad218000,0x00000007ad480000)
  to   space 3584K, 0% used [0x00000007acd80000,0x00000007acd80000,0x00000007ad100000)
 ParOldGen       total 174592K, used 36324K [0x0000000700000000, 0x000000070aa80000, 0x00000007aaa80000)
  object space 174592K, 20% used [0x0000000700000000,0x00000007023793c0,0x000000070aa80000)
 PSPermGen       total 26624K, used 26308K [0x00000006fae00000, 0x00000006fc800000, 0x0000000700000000)
  object space 26624K, 98% used [0x00000006fae00000,0x00000006fc7b12a0,0x00000006fc800000)
}
Event: 60,988 GC heap before
{Heap before GC invocations=45 (full 0):
 PSYoungGen      total 38400K, used 35936K [0x00000007aaa80000, 0x00000007ad480000, 0x0000000800000000)
  eden space 35840K, 100% used [0x00000007aaa80000,0x00000007acd80000,0x00000007acd80000)
  from space 2560K, 3% used [0x00000007ad200000,0x00000007ad218000,0x00000007ad480000)
  to   space 3584K, 0% used [0x00000007acd80000,0x00000007acd80000,0x00000007ad100000)
 ParOldGen       total 174592K, used 36324K [0x0000000700000000, 0x000000070aa80000, 0x00000007aaa80000)
  object space 174592K, 20% used [0x0000000700000000,0x00000007023793c0,0x000000070aa80000)
 PSPermGen       total 26624K, used 26318K [0x00000006fae00000, 0x00000006fc800000, 0x0000000700000000)
  object space 26624K, 98% used [0x00000006fae00000,0x00000006fc7b3a90,0x00000006fc800000)
Event: 60,989 GC heap after
Heap after GC invocations=45 (full 0):
 PSYoungGen      total 35840K, used 96K [0x00000007aaa80000, 0x00000007ad400000, 0x0000000800000000)
  eden space 35328K, 0% used [0x00000007aaa80000,0x00000007aaa80000,0x00000007acd00000)
  from space 512K, 18% used [0x00000007acd80000,0x00000007acd98000,0x00000007ace00000)
  to   space 3584K, 0% used [0x00000007ad080000,0x00000007ad080000,0x00000007ad400000)
 ParOldGen       total 174592K, used 36324K [0x0000000700000000, 0x000000070aa80000, 0x00000007aaa80000)
  object space 174592K, 20% used [0x0000000700000000,0x00000007023793c0,0x000000070aa80000)
 PSPermGen       total 26624K, used 26318K [0x00000006fae00000, 0x00000006fc800000, 0x0000000700000000)
  object space 26624K, 98% used [0x00000006fae00000,0x00000006fc7b3a90,0x00000006fc800000)
}
Event: 61,855 GC heap before
{Heap before GC invocations=46 (full 0):
 PSYoungGen      total 35840K, used 35424K [0x00000007aaa80000, 0x00000007ad400000, 0x0000000800000000)
  eden space 35328K, 100% used [0x00000007aaa80000,0x00000007acd00000,0x00000007acd00000)
  from space 512K, 18% used [0x00000007acd80000,0x00000007acd98000,0x00000007ace00000)
  to   space 3584K, 0% used [0x00000007ad080000,0x00000007ad080000,0x00000007ad400000)
 ParOldGen       total 174592K, used 36324K [0x0000000700000000, 0x000000070aa80000, 0x00000007aaa80000)
  object space 174592K, 20% used [0x0000000700000000,0x00000007023793c0,0x000000070aa80000)
 PSPermGen       total 26624K, used 26319K [0x00000006fae00000, 0x00000006fc800000, 0x0000000700000000)
  object space 26624K, 98% used [0x00000006fae00000,0x00000006fc7b3ca0,0x00000006fc800000)
Event: 61,856 GC heap after
Heap after GC invocations=46 (full 0):
 PSYoungGen      total 36864K, used 96K [0x00000007aaa80000, 0x00000007ad280000, 0x0000000800000000)
  eden space 34816K, 0% used [0x00000007aaa80000,0x00000007aaa80000,0x00000007acc80000)
  from space 2048K, 4% used [0x00000007ad080000,0x00000007ad098000,0x00000007ad280000)
  to   space 3072K, 0% used [0x00000007acc80000,0x00000007acc80000,0x00000007acf80000)
 ParOldGen       total 174592K, used 36340K [0x0000000700000000, 0x000000070aa80000, 0x00000007aaa80000)
  object space 174592K, 20% used [0x0000000700000000,0x000000070237d3c0,0x000000070aa80000)
 PSPermGen       total 26624K, used 26319K [0x00000006fae00000, 0x00000006fc800000, 0x0000000700000000)
  object space 26624K, 98% used [0x00000006fae00000,0x00000006fc7b3ca0,0x00000006fc800000)
}

Deoptimization events (10 events):
Event: 24,645 Thread 0x00007fe4021cd800 Uncommon trap: reason=unreached action=reinterpret pc=0x000000010bf8f4a0 method=scala.collection.mutable.ArrayBuilder$.make(Lscala/reflect/ClassTag;)Lscala/collection/mutable/ArrayBuilder; @ 37
Event: 24,961 Thread 0x00007fe4021cd800 Uncommon trap: reason=null_check action=make_not_entrant pc=0x000000010bff4c1c method=org.json4s.reflect.ScalaType.isOption()Z @ 7
Event: 25,051 Thread 0x00007fe4021cd800 Uncommon trap: reason=bimorphic action=maybe_recompile pc=0x000000010beebbb4 method=scala.util.hashing.MurmurHash3.productHash(Lscala/Product;I)I @ 13
Event: 25,052 Thread 0x00007fe4021cd800 Uncommon trap: reason=array_check action=maybe_recompile pc=0x000000010bec1b24 method=com.badlogic.gdx.utils.Array.add(Ljava/lang/Object;)V @ 46
Event: 25,642 Thread 0x00007fe4021cd800 Uncommon trap: reason=bimorphic action=maybe_recompile pc=0x000000010beebbb4 method=scala.util.hashing.MurmurHash3.productHash(Lscala/Product;I)I @ 13
Event: 31,731 Thread 0x00007fe40803b800 Uncommon trap: reason=array_check action=maybe_recompile pc=0x000000010c005d90 method=java.util.AbstractCollection.toArray([Ljava/lang/Object;)[Ljava/lang/Object; @ 119
Event: 31,732 Thread 0x00007fe40803b800 Uncommon trap: reason=array_check action=maybe_recompile pc=0x000000010c005d90 method=java.util.AbstractCollection.toArray([Ljava/lang/Object;)[Ljava/lang/Object; @ 119
Event: 31,732 Thread 0x00007fe40803b800 Uncommon trap: reason=array_check action=maybe_recompile pc=0x000000010c005d90 method=java.util.AbstractCollection.toArray([Ljava/lang/Object;)[Ljava/lang/Object; @ 119
Event: 31,732 Thread 0x00007fe40803b800 Uncommon trap: reason=array_check action=maybe_recompile pc=0x000000010c005d90 method=java.util.AbstractCollection.toArray([Ljava/lang/Object;)[Ljava/lang/Object; @ 119
Event: 62,025 Thread 0x00007fe4021cd800 Uncommon trap: reason=bimorphic action=maybe_recompile pc=0x000000010beebbb4 method=scala.util.hashing.MurmurHash3.productHash(Lscala/Product;I)I @ 13

Internal exceptions (10 events):
Event: 62,022 Thread 0x00007fe4021cd800 Threw 0x00000007ab0af8e0 at /HUDSON/workspace/7u-2-build-macosx-x86_64/jdk7u51/527/hotspot/src/share/vm/prims/jvm.cpp:1244
Event: 62,022 Thread 0x00007fe4021cd800 Threw 0x00000007ab0b4c78 at /HUDSON/workspace/7u-2-build-macosx-x86_64/jdk7u51/527/hotspot/src/share/vm/prims/jvm.cpp:1244
Event: 62,023 Thread 0x00007fe4021cd800 Threw 0x00000007ab0b9a38 at /HUDSON/workspace/7u-2-build-macosx-x86_64/jdk7u51/527/hotspot/src/share/vm/prims/jvm.cpp:1244
Event: 62,023 Thread 0x00007fe4021cd800 Threw 0x00000007ab0be458 at /HUDSON/workspace/7u-2-build-macosx-x86_64/jdk7u51/527/hotspot/src/share/vm/prims/jvm.cpp:1244
Event: 62,023 Thread 0x00007fe4021cd800 Threw 0x00000007ab0c2ef0 at /HUDSON/workspace/7u-2-build-macosx-x86_64/jdk7u51/527/hotspot/src/share/vm/prims/jvm.cpp:1244
Event: 62,025 Thread 0x00007fe4021cd800 JVM_StopThread thread JavaThread 0x00007fe406a1a000 as oop 0x0000000702241250 [exception 0x0000000120f120e0]
Event: 62,025 Thread 0x00007fe4021cd800 JVM_StopThread thread JavaThread 0x00007fe407077800 as oop 0x000000070223d250 [exception 0x0000000120f120e0]
Event: 62,025 Thread 0x00007fe407077800 Threw 0x00000007ab0c94b8 at /HUDSON/workspace/7u-2-build-macosx-x86_64/jdk7u51/527/hotspot/src/share/vm/prims/jvm.cpp:2965
Event: 62,025 Thread 0x00007fe406a1a000 Threw 0x00000007ab0c92c0 at /HUDSON/workspace/7u-2-build-macosx-x86_64/jdk7u51/527/hotspot/src/share/vm/prims/jvm.cpp:2965
Event: 62,044 Thread 0x00007fe4021cd800 Threw 0x00000007ab0d2f08 at /HUDSON/workspace/7u-2-build-macosx-x86_64/jdk7u51/527/hotspot/src/share/vm/prims/jvm.cpp:1244

Events (10 events):
Event: 62,025 Executing VM operation: ThreadStop done
Event: 62,025 Executing VM operation: RevokeBias
Event: 62,025 Executing VM operation: RevokeBias done
Event: 62,025 Thread 0x00007fe407077800 Thread exited: 0x00007fe407077800
Event: 62,025 Executing VM operation: RevokeBias
Event: 62,025 Executing VM operation: RevokeBias done
Event: 62,025 Thread 0x00007fe406a1a000 Thread exited: 0x00007fe406a1a000
Event: 62,029 Thread 0x00007fe402cdd000 Thread exited: 0x00007fe402cdd000
Event: 62,044 loading class 0x00007fe400fad880
Event: 62,044 loading class 0x00007fe400fad880 done


Dynamic libraries:
0x00000000094f7000 	/System/Library/Frameworks/Cocoa.framework/Versions/A/Cocoa
0x00000000094f7000 	/System/Library/Frameworks/Security.framework/Versions/A/Security
0x00000000094f7000 	/System/Library/Frameworks/ApplicationServices.framework/Versions/A/ApplicationServices
0x00000000094f7000 	/usr/lib/libz.1.dylib
0x00000000094f7000 	/usr/lib/libSystem.B.dylib
0x00000000094f7000 	/usr/lib/libobjc.A.dylib
0x00000000094f7000 	/System/Library/Frameworks/CoreFoundation.framework/Versions/A/CoreFoundation
0x00000000094f7000 	/System/Library/Frameworks/Foundation.framework/Versions/C/Foundation
0x00000000094f7000 	/System/Library/Frameworks/AppKit.framework/Versions/C/AppKit
0x00000000094f7000 	/System/Library/Frameworks/CoreData.framework/Versions/A/CoreData
0x00000000094f7000 	/System/Library/PrivateFrameworks/RemoteViewServices.framework/Versions/A/RemoteViewServices
0x00000000094f7000 	/System/Library/PrivateFrameworks/UIFoundation.framework/Versions/A/UIFoundation
0x00000000094f7000 	/System/Library/Frameworks/IOSurface.framework/Versions/A/IOSurface
0x00000000094f7000 	/System/Library/Frameworks/AudioToolbox.framework/Versions/A/AudioToolbox
0x00000000094f7000 	/System/Library/Frameworks/AudioUnit.framework/Versions/A/AudioUnit
0x00000000094f7000 	/System/Library/PrivateFrameworks/DataDetectorsCore.framework/Versions/A/DataDetectorsCore
0x00000000094f7000 	/System/Library/PrivateFrameworks/DesktopServicesPriv.framework/Versions/A/DesktopServicesPriv
0x00000000094f7000 	/System/Library/Frameworks/Carbon.framework/Versions/A/Frameworks/HIToolbox.framework/Versions/A/HIToolbox
0x00000000094f7000 	/System/Library/Frameworks/QuartzCore.framework/Versions/A/QuartzCore
0x00000000094f7000 	/System/Library/Frameworks/Carbon.framework/Versions/A/Frameworks/SpeechRecognition.framework/Versions/A/SpeechRecognition
0x00000000094f7000 	/usr/lib/libauto.dylib
0x00000000094f7000 	/usr/lib/libicucore.A.dylib
0x00000000094f7000 	/usr/lib/libxml2.2.dylib
0x00000000094f7000 	/System/Library/PrivateFrameworks/CoreUI.framework/Versions/A/CoreUI
0x00000000094f7000 	/System/Library/Frameworks/CoreAudio.framework/Versions/A/CoreAudio
0x00000000094f7000 	/System/Library/Frameworks/DiskArbitration.framework/Versions/A/DiskArbitration
0x00000000094f7000 	/usr/lib/liblangid.dylib
0x00000000094f7000 	/System/Library/PrivateFrameworks/MultitouchSupport.framework/Versions/A/MultitouchSupport
0x00000000094f7000 	/System/Library/Frameworks/IOKit.framework/Versions/A/IOKit
0x00000000094f7000 	/usr/lib/libDiagnosticMessagesClient.dylib
0x00000000094f7000 	/System/Library/Frameworks/CoreServices.framework/Versions/A/CoreServices
0x00000000094f7000 	/System/Library/PrivateFrameworks/PerformanceAnalysis.framework/Versions/A/PerformanceAnalysis
0x00000000094f7000 	/System/Library/PrivateFrameworks/GenerationalStorage.framework/Versions/A/GenerationalStorage
0x00000000094f7000 	/System/Library/Frameworks/OpenGL.framework/Versions/A/OpenGL
0x00000000094f7000 	/System/Library/PrivateFrameworks/Sharing.framework/Versions/A/Sharing
0x00000000094f7000 	/System/Library/Frameworks/CoreGraphics.framework/Versions/A/CoreGraphics
0x00000000094f7000 	/System/Library/Frameworks/CoreText.framework/Versions/A/CoreText
0x00000000094f7000 	/System/Library/Frameworks/ImageIO.framework/Versions/A/ImageIO
0x00000000094f7000 	/usr/lib/libextension.dylib
0x00000000094f7000 	/System/Library/PrivateFrameworks/Backup.framework/Versions/A/Backup
0x00000000094f7000 	/usr/lib/libarchive.2.dylib
0x00000000094f7000 	/System/Library/Frameworks/CFNetwork.framework/Versions/A/CFNetwork
0x00000000094f7000 	/System/Library/Frameworks/SystemConfiguration.framework/Versions/A/SystemConfiguration
0x00000000094f7000 	/usr/lib/libCRFSuite.dylib
0x00000000094f7000 	/usr/lib/libc++.1.dylib
0x00000000094f7000 	/usr/lib/libc++abi.dylib
0x00000000094f7000 	/usr/lib/system/libcache.dylib
0x00000000094f7000 	/usr/lib/system/libcommonCrypto.dylib
0x00000000094f7000 	/usr/lib/system/libcompiler_rt.dylib
0x00000000094f7000 	/usr/lib/system/libcopyfile.dylib
0x00000000094f7000 	/usr/lib/system/libcorecrypto.dylib
0x00000000094f7000 	/usr/lib/system/libdispatch.dylib
0x00000000094f7000 	/usr/lib/system/libdyld.dylib
0x00000000094f7000 	/usr/lib/system/libkeymgr.dylib
0x00000000094f7000 	/usr/lib/system/liblaunch.dylib
0x00000000094f7000 	/usr/lib/system/libmacho.dylib
0x00000000094f7000 	/usr/lib/system/libquarantine.dylib
0x00000000094f7000 	/usr/lib/system/libremovefile.dylib
0x00000000094f7000 	/usr/lib/system/libsystem_asl.dylib
0x00000000094f7000 	/usr/lib/system/libsystem_blocks.dylib
0x00000000094f7000 	/usr/lib/system/libsystem_c.dylib
0x00000000094f7000 	/usr/lib/system/libsystem_configuration.dylib
0x00000000094f7000 	/usr/lib/system/libsystem_coreservices.dylib
0x00000000094f7000 	/usr/lib/system/libsystem_coretls.dylib
0x00000000094f7000 	/usr/lib/system/libsystem_dnssd.dylib
0x00000000094f7000 	/usr/lib/system/libsystem_info.dylib
0x00000000094f7000 	/usr/lib/system/libsystem_kernel.dylib
0x00000000094f7000 	/usr/lib/system/libsystem_m.dylib
0x00000000094f7000 	/usr/lib/system/libsystem_malloc.dylib
0x00000000094f7000 	/usr/lib/system/libsystem_network.dylib
0x00000000094f7000 	/usr/lib/system/libsystem_networkextension.dylib
0x00000000094f7000 	/usr/lib/system/libsystem_notify.dylib
0x00000000094f7000 	/usr/lib/system/libsystem_platform.dylib
0x00000000094f7000 	/usr/lib/system/libsystem_pthread.dylib
0x00000000094f7000 	/usr/lib/system/libsystem_sandbox.dylib
0x00000000094f7000 	/usr/lib/system/libsystem_secinit.dylib
0x00000000094f7000 	/usr/lib/system/libsystem_stats.dylib
0x00000000094f7000 	/usr/lib/system/libsystem_trace.dylib
0x00000000094f7000 	/usr/lib/system/libunc.dylib
0x00000000094f7000 	/usr/lib/system/libunwind.dylib
0x00000000094f7000 	/usr/lib/system/libxpc.dylib
0x00000000094f7000 	/usr/lib/libbz2.1.0.dylib
0x00000000094f7000 	/usr/lib/liblzma.5.dylib
0x00000000094f7000 	/usr/lib/libbsm.0.dylib
0x00000000094f7000 	/usr/lib/libsqlite3.dylib
0x00000000094f7000 	/usr/lib/system/libkxld.dylib
0x00000000094f7000 	/usr/lib/libxar.1.dylib
0x00000000094f7000 	/usr/lib/libpam.2.dylib
0x00000000094f7000 	/usr/lib/libOpenScriptingUtil.dylib
0x00000000094f7000 	/System/Library/Frameworks/CoreServices.framework/Versions/A/Frameworks/FSEvents.framework/Versions/A/FSEvents
0x00000000094f7000 	/System/Library/Frameworks/CoreServices.framework/Versions/A/Frameworks/CarbonCore.framework/Versions/A/CarbonCore
0x00000000094f7000 	/System/Library/Frameworks/CoreServices.framework/Versions/A/Frameworks/Metadata.framework/Versions/A/Metadata
0x00000000094f7000 	/System/Library/Frameworks/CoreServices.framework/Versions/A/Frameworks/OSServices.framework/Versions/A/OSServices
0x00000000094f7000 	/System/Library/Frameworks/CoreServices.framework/Versions/A/Frameworks/SearchKit.framework/Versions/A/SearchKit
0x00000000094f7000 	/System/Library/Frameworks/CoreServices.framework/Versions/A/Frameworks/AE.framework/Versions/A/AE
0x00000000094f7000 	/System/Library/Frameworks/CoreServices.framework/Versions/A/Frameworks/LaunchServices.framework/Versions/A/LaunchServices
0x00000000094f7000 	/System/Library/Frameworks/CoreServices.framework/Versions/A/Frameworks/DictionaryServices.framework/Versions/A/DictionaryServices
0x00000000094f7000 	/System/Library/Frameworks/NetFS.framework/Versions/A/NetFS
0x00000000094f7000 	/System/Library/PrivateFrameworks/NetAuth.framework/Versions/A/NetAuth
0x00000000094f7000 	/System/Library/PrivateFrameworks/login.framework/Versions/A/Frameworks/loginsupport.framework/Versions/A/loginsupport
0x00000000094f7000 	/System/Library/PrivateFrameworks/TCC.framework/Versions/A/TCC
0x00000000094f7000 	/usr/lib/libmecabra.dylib
0x00000000094f7000 	/System/Library/Frameworks/ApplicationServices.framework/Versions/A/Frameworks/ATS.framework/Versions/A/ATS
0x00000000094f7000 	/System/Library/Frameworks/ApplicationServices.framework/Versions/A/Frameworks/ColorSync.framework/Versions/A/ColorSync
0x00000000094f7000 	/System/Library/Frameworks/ApplicationServices.framework/Versions/A/Frameworks/HIServices.framework/Versions/A/HIServices
0x00000000094f7000 	/System/Library/Frameworks/ApplicationServices.framework/Versions/A/Frameworks/LangAnalysis.framework/Versions/A/LangAnalysis
0x00000000094f7000 	/System/Library/Frameworks/ApplicationServices.framework/Versions/A/Frameworks/PrintCore.framework/Versions/A/PrintCore
0x00000000094f7000 	/System/Library/Frameworks/ApplicationServices.framework/Versions/A/Frameworks/QD.framework/Versions/A/QD
0x00000000094f7000 	/System/Library/Frameworks/ApplicationServices.framework/Versions/A/Frameworks/SpeechSynthesis.framework/Versions/A/SpeechSynthesis
0x00000000094f7000 	/System/Library/Frameworks/Accelerate.framework/Versions/A/Accelerate
0x00000000094f7000 	/System/Library/Frameworks/Accelerate.framework/Versions/A/Frameworks/vImage.framework/Versions/A/vImage
0x00000000094f7000 	/System/Library/Frameworks/Accelerate.framework/Versions/A/Frameworks/vecLib.framework/Versions/A/vecLib
0x00000000094f7000 	/System/Library/Frameworks/Accelerate.framework/Versions/A/Frameworks/vecLib.framework/Versions/A/libvDSP.dylib
0x00000000094f7000 	/System/Library/Frameworks/Accelerate.framework/Versions/A/Frameworks/vecLib.framework/Versions/A/libvMisc.dylib
0x00000000094f7000 	/System/Library/Frameworks/Accelerate.framework/Versions/A/Frameworks/vecLib.framework/Versions/A/libLAPACK.dylib
0x00000000094f7000 	/System/Library/Frameworks/Accelerate.framework/Versions/A/Frameworks/vecLib.framework/Versions/A/libBLAS.dylib
0x00000000094f7000 	/System/Library/Frameworks/Accelerate.framework/Versions/A/Frameworks/vecLib.framework/Versions/A/libLinearAlgebra.dylib
0x00000000094f7000 	/System/Library/Frameworks/ApplicationServices.framework/Versions/A/Frameworks/ATS.framework/Versions/A/Resources/libFontParser.dylib
0x00000000094f7000 	/System/Library/Frameworks/ApplicationServices.framework/Versions/A/Frameworks/ATS.framework/Versions/A/Resources/libFontRegistry.dylib
0x00000000094f7000 	/System/Library/PrivateFrameworks/AppleVPA.framework/Versions/A/AppleVPA
0x00000000094f7000 	/System/Library/PrivateFrameworks/AppleJPEG.framework/Versions/A/AppleJPEG
0x00000000094f7000 	/System/Library/Frameworks/ImageIO.framework/Versions/A/Resources/libJPEG.dylib
0x00000000094f7000 	/System/Library/Frameworks/ImageIO.framework/Versions/A/Resources/libTIFF.dylib
0x00000000094f7000 	/System/Library/Frameworks/ImageIO.framework/Versions/A/Resources/libPng.dylib
0x00000000094f7000 	/System/Library/Frameworks/ImageIO.framework/Versions/A/Resources/libGIF.dylib
0x00000000094f7000 	/System/Library/Frameworks/ImageIO.framework/Versions/A/Resources/libJP2.dylib
0x00000000094f7000 	/System/Library/Frameworks/ImageIO.framework/Versions/A/Resources/libRadiance.dylib
0x00000000094f7000 	/System/Library/Frameworks/CoreVideo.framework/Versions/A/CoreVideo
0x00000000094f7000 	/System/Library/Frameworks/OpenGL.framework/Versions/A/Libraries/libGLU.dylib
0x00000000094f7000 	/System/Library/Frameworks/OpenGL.framework/Versions/A/Libraries/libGFXShared.dylib
0x00000000094f7000 	/System/Library/Frameworks/OpenGL.framework/Versions/A/Libraries/libGL.dylib
0x00000000094f7000 	/System/Library/Frameworks/OpenGL.framework/Versions/A/Libraries/libGLImage.dylib
0x00000000094f7000 	/System/Library/Frameworks/OpenGL.framework/Versions/A/Libraries/libCVMSPluginSupport.dylib
0x00000000094f7000 	/System/Library/Frameworks/OpenGL.framework/Versions/A/Libraries/libCoreVMClient.dylib
0x00000000094f7000 	/usr/lib/libcups.2.dylib
0x00000000094f7000 	/System/Library/Frameworks/Kerberos.framework/Versions/A/Kerberos
0x00000000094f7000 	/System/Library/Frameworks/GSS.framework/Versions/A/GSS
0x00000000094f7000 	/usr/lib/libresolv.9.dylib
0x00000000094f7000 	/usr/lib/libiconv.2.dylib
0x00000000094f7000 	/System/Library/PrivateFrameworks/Heimdal.framework/Versions/A/Heimdal
0x00000000094f7000 	/usr/lib/libheimdal-asn1.dylib
0x00000000094f7000 	/System/Library/Frameworks/OpenDirectory.framework/Versions/A/OpenDirectory
0x00000000094f7000 	/System/Library/PrivateFrameworks/CommonAuth.framework/Versions/A/CommonAuth
0x00000000094f7000 	/System/Library/Frameworks/OpenDirectory.framework/Versions/A/Frameworks/CFOpenDirectory.framework/Versions/A/CFOpenDirectory
0x00000000094f7000 	/System/Library/Frameworks/SecurityFoundation.framework/Versions/A/SecurityFoundation
0x00000000094f7000 	/System/Library/PrivateFrameworks/LanguageModeling.framework/Versions/A/LanguageModeling
0x00000000094f7000 	/usr/lib/libcmph.dylib
0x00000000094f7000 	/System/Library/Frameworks/ServiceManagement.framework/Versions/A/ServiceManagement
0x00000000094f7000 	/usr/lib/libxslt.1.dylib
0x00000000094f7000 	/System/Library/Frameworks/Carbon.framework/Versions/A/Frameworks/Ink.framework/Versions/A/Ink
0x00000000094f7000 	/System/Library/Frameworks/QuartzCore.framework/Versions/A/Frameworks/CoreImage.framework/Versions/A/CoreImage
0x00000000094f7000 	/System/Library/PrivateFrameworks/CrashReporterSupport.framework/Versions/A/CrashReporterSupport
0x00000000094f7000 	/System/Library/Frameworks/OpenCL.framework/Versions/A/OpenCL
0x00000000094f7000 	/System/Library/PrivateFrameworks/FaceCore.framework/Versions/A/FaceCore
0x00000000094f7000 	/System/Library/PrivateFrameworks/Ubiquity.framework/Versions/A/Ubiquity
0x00000000094f7000 	/System/Library/PrivateFrameworks/IconServices.framework/Versions/A/IconServices
0x00000000094f7000 	/System/Library/PrivateFrameworks/ChunkingLibrary.framework/Versions/A/ChunkingLibrary
0x00000000094f7000 	/System/Library/PrivateFrameworks/Apple80211.framework/Versions/A/Apple80211
0x00000000094f7000 	/System/Library/Frameworks/CoreWLAN.framework/Versions/A/CoreWLAN
0x00000000094f7000 	/System/Library/Frameworks/IOBluetooth.framework/Versions/A/IOBluetooth
0x00000000094f7000 	/System/Library/PrivateFrameworks/CoreWiFi.framework/Versions/A/CoreWiFi
0x00000000094f7000 	/System/Library/Frameworks/CoreBluetooth.framework/Versions/A/CoreBluetooth
0x00000000094f7000 	/System/Library/PrivateFrameworks/DebugSymbols.framework/Versions/A/DebugSymbols
0x00000000094f7000 	/System/Library/PrivateFrameworks/CoreSymbolication.framework/Versions/A/CoreSymbolication
0x00000000094f7000 	/System/Library/PrivateFrameworks/Symbolication.framework/Versions/A/Symbolication
0x00000000094f7000 	/System/Library/PrivateFrameworks/SpeechRecognitionCore.framework/Versions/A/SpeechRecognitionCore
0x000000010b200000 	/Library/Java/JavaVirtualMachines/jdk1.7.0_51.jdk/Contents/Home/jre/lib/server/libjvm.dylib
0x00000000094f7000 	/usr/lib/libstdc++.6.dylib
0x000000010a9b7000 	/Library/Java/JavaVirtualMachines/jdk1.7.0_51.jdk/Contents/Home/jre/lib/libverify.dylib
0x000000010a9c4000 	/Library/Java/JavaVirtualMachines/jdk1.7.0_51.jdk/Contents/Home/jre/lib/libjava.dylib
0x000000010bd56000 	/Library/Java/JavaVirtualMachines/jdk1.7.0_51.jdk/Contents/Home/jre/lib/libzip.dylib
0x000000011a09e000 	/System/Library/Frameworks/JavaVM.framework/Frameworks/JavaRuntimeSupport.framework/JavaRuntimeSupport
0x000000011a0b6000 	/System/Library/Frameworks/JavaVM.framework/Versions/A/Frameworks/JavaNativeFoundation.framework/Versions/A/JavaNativeFoundation
0x000000011a0cb000 	/System/Library/Frameworks/JavaVM.framework/Versions/A/JavaVM
0x00000000094f7000 	/System/Library/Frameworks/Carbon.framework/Versions/A/Carbon
0x000000011a0d8000 	/System/Library/PrivateFrameworks/JavaLaunching.framework/Versions/A/JavaLaunching
0x00000000094f7000 	/System/Library/Frameworks/Carbon.framework/Versions/A/Frameworks/CommonPanels.framework/Versions/A/CommonPanels
0x00000000094f7000 	/System/Library/Frameworks/Carbon.framework/Versions/A/Frameworks/Help.framework/Versions/A/Help
0x00000000094f7000 	/System/Library/Frameworks/Carbon.framework/Versions/A/Frameworks/ImageCapture.framework/Versions/A/ImageCapture
0x00000000094f7000 	/System/Library/Frameworks/Carbon.framework/Versions/A/Frameworks/OpenScripting.framework/Versions/A/OpenScripting
0x00000000094f7000 	/System/Library/Frameworks/Carbon.framework/Versions/A/Frameworks/Print.framework/Versions/A/Print
0x00000000094f7000 	/System/Library/Frameworks/Carbon.framework/Versions/A/Frameworks/SecurityHI.framework/Versions/A/SecurityHI
0x000000011c88f000 	/Library/Java/JavaVirtualMachines/jdk1.7.0_51.jdk/Contents/Home/jre/lib/libnio.dylib
0x000000011c8ed000 	/Library/Java/JavaVirtualMachines/jdk1.7.0_51.jdk/Contents/Home/jre/lib/./libnet.dylib
0x000000011c77c000 	/Library/Java/JavaVirtualMachines/jdk1.7.0_51.jdk/Contents/Home/jre/lib/libawt.dylib
0x000000011c902000 	/Library/Java/JavaVirtualMachines/jdk1.7.0_51.jdk/Contents/Home/jre/lib/./libmlib_image.dylib
0x000000011c9ce000 	/Library/Java/JavaVirtualMachines/jdk1.7.0_51.jdk/Contents/Home/jre/lib/lwawt/liblwawt.dylib
0x000000011c286000 	/Library/Java/JavaVirtualMachines/jdk1.7.0_51.jdk/Contents/Home/jre/lib/libosxapp.dylib
0x00000000094f7000 	/System/Library/Frameworks/ExceptionHandling.framework/Versions/A/ExceptionHandling
0x00000000094f7000 	/System/Library/PrivateFrameworks/CoreServicesInternal.framework/Versions/A/CoreServicesInternal
0x00000000094f7000 	/System/Library/PrivateFrameworks/CloudDocs.framework/Versions/A/CloudDocs
0x00000000094f7000 	/System/Library/PrivateFrameworks/CoreDuet.framework/Versions/A/CoreDuet
0x00000000094f7000 	/System/Library/Frameworks/CloudKit.framework/Versions/A/CloudKit
0x00000000094f7000 	/System/Library/PrivateFrameworks/ProtocolBuffer.framework/Versions/A/ProtocolBuffer
0x00000000094f7000 	/System/Library/PrivateFrameworks/CoreDuetDaemonProtocol.framework/Versions/A/CoreDuetDaemonProtocol
0x00000000094f7000 	/System/Library/PrivateFrameworks/CoreDuetDebugLogging.framework/Versions/A/CoreDuetDebugLogging
0x00000000094f7000 	/System/Library/Frameworks/CoreLocation.framework/Versions/A/CoreLocation
0x00000000094f7000 	/System/Library/Frameworks/Accounts.framework/Versions/A/Accounts
0x00000000094f7000 	/System/Library/PrivateFrameworks/ApplePushService.framework/Versions/A/ApplePushService
0x00000000094f7000 	/System/Library/PrivateFrameworks/GeoServices.framework/Versions/A/GeoServices
0x00000000094f7000 	/System/Library/PrivateFrameworks/OAuth.framework/Versions/A/OAuth
0x00000000094f7000 	/System/Library/PrivateFrameworks/CoreDaemon.framework/Versions/B/CoreDaemon
0x00000000094f7000 	/usr/lib/libcrypto.0.9.8.dylib
0x00000000094f7000 	/System/Library/PrivateFrameworks/AppleSRP.framework/Versions/A/AppleSRP
0x00000000094f7000 	/System/Library/PrivateFrameworks/TrustEvaluationAgent.framework/Versions/A/TrustEvaluationAgent
0x00000000094f7000 	/System/Library/Frameworks/CoreGraphics.framework/Versions/A/Resources/libCGCMS.A.dylib
0x00000000094f7000 	/System/Library/Frameworks/CoreGraphics.framework/Versions/A/Resources/libRIP.A.dylib
0x00000000094f7000 	/System/Library/Frameworks/CoreGraphics.framework/Versions/A/Resources/libCGXType.A.dylib
0x00000000094f7000 	/System/Library/Frameworks/OpenCL.framework/Versions/A/Libraries/libcldcpuengine.dylib
0x00000000094f7000 	/System/Library/PrivateFrameworks/DiskImages.framework/Versions/A/DiskImages
0x00000000094f7000 	/System/Library/Frameworks/DiscRecording.framework/Versions/A/DiscRecording
0x00000000094f7000 	/usr/lib/libcsfde.dylib
0x00000000094f7000 	/usr/lib/libcurl.4.dylib
0x00000000094f7000 	/System/Library/PrivateFrameworks/MediaKit.framework/Versions/A/MediaKit
0x00000000094f7000 	/System/Library/PrivateFrameworks/ProtectedCloudStorage.framework/Versions/A/ProtectedCloudStorage
0x00000000094f7000 	/usr/lib/libCoreStorage.dylib
0x00000000094f7000 	/System/Library/PrivateFrameworks/EFILogin.framework/Versions/A/EFILogin
0x00000000094f7000 	/usr/lib/libutil.dylib
0x00000000094f7000 	/System/Library/PrivateFrameworks/FindMyDevice.framework/Versions/A/FindMyDevice
0x00000000094f7000 	/System/Library/Frameworks/LDAP.framework/Versions/A/LDAP
0x00000000094f7000 	/usr/lib/libsasl2.2.dylib
0x000000011c72b000 	cl_kernels
0x000000011f521000 	/System/Library/Frameworks/OpenCL.framework/Versions/A/Libraries/ImageFormats/unorm8_bgra.dylib
0x000000011c72f000 	cl_kernels
0x00000000094f7000 	/System/Library/PrivateFrameworks/FamilyControls.framework/Versions/A/FamilyControls
0x00000000094f7000 	/System/Library/PrivateFrameworks/CommerceKit.framework/Versions/A/Frameworks/CommerceCore.framework/Versions/A/CommerceCore
0x00000000094f7000 	/System/Library/PrivateFrameworks/SystemAdministration.framework/Versions/A/SystemAdministration
0x00000000094f7000 	/System/Library/PrivateFrameworks/AppContainer.framework/Versions/A/AppContainer
0x00000000094f7000 	/System/Library/PrivateFrameworks/SecCodeWrapper.framework/Versions/A/SecCodeWrapper
0x00000000094f7000 	/System/Library/Frameworks/DirectoryService.framework/Versions/A/DirectoryService
0x00000000094f7000 	/System/Library/PrivateFrameworks/LoginUIKit.framework/Versions/A/Frameworks/LoginUICore.framework/Versions/A/LoginUICore
0x00000000094f7000 	/usr/lib/libodfde.dylib
0x0000000120930000 	/private/var/folders/k4/gs7cmd_s0tq_qpq395z9cv600000gn/T/libgdxhendrikweiler/d8ae55ed/libgdx64.dylib
0x0000000120975000 	/Library/Java/JavaVirtualMachines/jdk1.7.0_51.jdk/Contents/Home/jre/lib/libfontmanager.dylib
0x00000001209dc000 	/private/var/folders/k4/gs7cmd_s0tq_qpq395z9cv600000gn/T/libgdxhendrikweiler/f7649394/liblwjgl.dylib
0x000000011c1c2000 	/Library/Java/JavaVirtualMachines/jdk1.7.0_51.jdk/Contents/Home/jre/lib/libjawt.dylib
0x0000000120a5e000 	/var/folders/k4/gs7cmd_s0tq_qpq395z9cv600000gn/T/libgdxhendrikweiler/f7649394/openal.dylib
0x0000000120aba000 	/System/Library/Components/CoreAudio.component/Contents/MacOS/CoreAudio
0x000000011c1ed000 	/System/Library/Extensions/AppleHDA.kext/Contents/PlugIns/AppleHDAHALPlugIn.bundle/Contents/MacOS/AppleHDAHALPlugIn
0x00000000094f7000 	/System/Library/Frameworks/OpenGL.framework/Versions/A/Resources/GLEngine.bundle/GLEngine
0x00000000094f7000 	/System/Library/Frameworks/OpenGL.framework/Versions/A/Libraries/libGLProgrammability.dylib
0x0000000000000000 	/System/Library/Extensions/GeForceGLDriver.bundle/Contents/MacOS/GeForceGLDriver
0x00000000094f7000 	/System/Library/Extensions/GeForceGLDriver.bundle/Contents/MacOS/libclh.dylib
0x00000000094f7000 	/System/Library/PrivateFrameworks/IOAccelerator.framework/Versions/A/IOAccelerator
0x00000000094f7000 	/System/Library/PrivateFrameworks/GPUSupport.framework/Versions/A/Libraries/libGPUSupportMercury.dylib
0x00000000094f7000 	/System/Library/Frameworks/OpenGL.framework/Versions/A/Resources/GLRendererFloat.bundle/GLRendererFloat
0x000000011c19a000 	/Library/Java/JavaVirtualMachines/jdk1.7.0_51.jdk/Contents/Home/jre/lib/libjsound.dylib
0x000000011c36f000 	/System/Library/Frameworks/CoreMIDI.framework/Versions/A/CoreMIDI
0x00000000094f7000 	/usr/lib/libexpat.1.dylib
0x000000011c3cd000 	/Library/Java/JavaVirtualMachines/jdk1.7.0_51.jdk/Contents/Home/jre/lib/libosx.dylib
0x000000011dd96000 	/private/var/folders/k4/gs7cmd_s0tq_qpq395z9cv600000gn/T/libgdxhendrikweiler/b8793768/libgdx-freetype64.dylib

VM Arguments:
java_command: rpgboss.editor.RpgDesktop --player /Users/hendrikweiler/testgame
Launcher Type: SUN_STANDARD

Environment Variables:
PATH=/opt/local/bin:/Users/hendrikweiler/.nvm/nvm.sh:/opt/local/sbin:/usr/local/bin:/usr/bin:/bin:/usr/sbin:/sbin:/Applications/TextEdit.app/Contents/MacOS:/Users/hendrikweiler/Documents/android_sdk/sdk/tools:/Users/hendrikweiler/Documents/android_sdk/sdk/platform-tools:/usr/local/php5-5.5.17-20141009-093843/bin:/Users/hendrikweiler/Documents/activator:/Users/hendrikweiler/.rvm/bin
SHELL=/bin/bash
DISPLAY=/private/tmp/com.apple.launchd.eo40J1kIow/org.macosforge.xquartz:0

Signal Handlers:
SIGSEGV: [libjvm.dylib+0x525425], sa_mask[0]=0xfffefeff, sa_flags=0x00000043
SIGBUS: [libjvm.dylib+0x525425], sa_mask[0]=0xfffefeff, sa_flags=0x00000042
SIGFPE: [libjvm.dylib+0x41892a], sa_mask[0]=0xfffefeff, sa_flags=0x00000042
SIGPIPE: [libjvm.dylib+0x41892a], sa_mask[0]=0xfffefeff, sa_flags=0x00000042
SIGXFSZ: [libjvm.dylib+0x41892a], sa_mask[0]=0xfffefeff, sa_flags=0x00000042
SIGILL: [libjvm.dylib+0x41892a], sa_mask[0]=0xfffefeff, sa_flags=0x00000042
SIGUSR1: SIG_DFL, sa_mask[0]=0x63807efb, sa_flags=0x00000000
SIGUSR2: [libjvm.dylib+0x41841c], sa_mask[0]=0x00000004, sa_flags=0x00000042
SIGHUP: [libjvm.dylib+0x4166ab], sa_mask[0]=0xfffefeff, sa_flags=0x00000042
SIGINT: [libjvm.dylib+0x4166ab], sa_mask[0]=0xfffefeff, sa_flags=0x00000042
SIGTERM: [libjvm.dylib+0x4166ab], sa_mask[0]=0xfffefeff, sa_flags=0x00000042
SIGQUIT: [libjvm.dylib+0x4166ab], sa_mask[0]=0xfffefeff, sa_flags=0x00000042


---------------  S Y S T E M  ---------------

OS:Bsduname:Darwin 14.1.0 Darwin Kernel Version 14.1.0: Mon Dec 22 23:10:38 PST 2014; root:xnu-2782.10.72~2/RELEASE_X86_64 x86_64
rlimit: STACK 8192k, CORE 0k, NPROC 709, NOFILE 10240, AS infinity
load average:1,59 1,72 1,81

CPU:total 4 (4 cores per cpu, 1 threads per core) family 6 model 58 stepping 9, cmov, cx8, fxsr, mmx, sse, sse2, sse3, ssse3, sse4.1, sse4.2, popcnt, avx, aes, erms, tsc, tscinvbit, tscinv

Memory: 4k page, physical 16777216k(4194304k free)

/proc/meminfo:


vm_info: Java HotSpot(TM) 64-Bit Server VM (24.51-b03) for bsd-amd64 JRE (1.7.0_51-b13), built on Dec 18 2013 18:45:56 by "java_re" with gcc 4.2.1 (Based on Apple Inc. build 5658) (LLVM build 2336.11.00)

time: Sun Feb  8 15:30:51 2015
elapsed time: 62 seconds

